SF:lib/features/search_store/bloc/search_store_event.dart
DA:4,0
DA:5,0
DA:7,32
DA:11,32
DA:15,0
DA:16,0
LF:6
LH:2
end_of_record
SF:lib/features/search_store/bloc/search_store_state.dart
DA:6,33
DA:18,2
DA:24,2
DA:25,0
DA:26,1
DA:27,1
DA:28,2
DA:32,0
DA:34,0
DA:37,2
DA:38,6
LF:11
LH:8
end_of_record
SF:lib/features/search_store/bloc/search_store_bloc.dart
DA:16,0
DA:17,0
DA:18,0
DA:22,2
DA:23,6
DA:27,2
DA:32,2
DA:33,6
DA:39,2
DA:41,2
DA:43,2
DA:44,1
DA:49,2
DA:50,2
DA:51,4
DA:53,2
DA:54,4
DA:57,2
DA:62,3
LF:19
LH:16
end_of_record
SF:lib/repositories/location_repository.dart
DA:7,1
DA:24,0
DA:25,0
DA:30,0
DA:36,0
DA:37,0
DA:40,0
DA:42,0
DA:43,0
DA:47,0
DA:48,0
DA:54,0
DA:55,0
DA:56,0
DA:62,0
DA:63,0
DA:64,0
DA:73,0
DA:74,0
DA:75,0
DA:79,0
DA:81,0
DA:82,0
DA:89,0
DA:95,0
DA:96,0
DA:97,0
DA:98,0
LF:28
LH:1
end_of_record
SF:lib/repositories/store_repository.dart
DA:8,1
DA:10,0
DA:15,1
DA:20,2
DA:22,3
DA:23,3
DA:26,1
DA:27,3
DA:28,1
DA:29,2
DA:30,1
DA:31,4
DA:32,3
DA:33,1
DA:35,5
DA:36,1
DA:37,1
DA:38,1
DA:39,1
DA:41,3
LF:20
LH:19
end_of_record
SF:lib/extensions/response_extensions.dart
DA:4,1
DA:12,0
DA:14,0
DA:19,1
DA:20,4
DA:24,1
DA:25,4
LF:7
LH:5
end_of_record
SF:lib/api/auth/auth_api.dart
DA:8,0
DA:9,0
DA:18,0
DA:22,0
DA:23,0
DA:25,0
DA:29,0
DA:31,0
DA:32,0
DA:37,0
DA:38,0
DA:39,0
DA:40,0
LF:13
LH:0
end_of_record
SF:lib/api/common/pagination_dto.dart
DA:7,0
DA:20,0
DA:22,0
DA:24,0
DA:25,0
DA:26,0
DA:27,0
DA:34,0
DA:36,0
DA:37,0
DA:39,0
DA:40,0
DA:43,0
LF:13
LH:0
end_of_record
SF:lib/api/common/pagination_dto.g.dart
DA:9,0
DA:10,0
DA:11,0
DA:12,0
DA:13,0
DA:16,0
DA:17,0
DA:18,0
DA:19,0
DA:20,0
LF:10
LH:0
end_of_record
SF:lib/api/products/models/category_dto.dart
DA:8,1
DA:25,0
DA:26,0
DA:28,0
LF:4
LH:1
end_of_record
SF:lib/api/products/models/category_search_result_dto.dart
DA:4,1
DA:13,0
DA:14,0
DA:15,0
DA:17,0
DA:18,0
DA:19,0
DA:20,0
LF:8
LH:1
end_of_record
SF:lib/api/products/models/category_dto.g.dart
DA:9,0
DA:10,0
DA:11,0
DA:12,0
DA:13,0
DA:16,0
DA:17,0
DA:18,0
DA:19,0
DA:20,0
DA:21,0
LF:11
LH:0
end_of_record
SF:lib/api/products/models/product_search_result_dto.dart
DA:4,1
DA:13,0
DA:14,0
DA:15,0
DA:17,0
DA:18,0
DA:19,0
DA:20,0
LF:8
LH:1
end_of_record
SF:lib/api/products/models/product_dto.dart
DA:8,1
DA:57,0
DA:58,0
DA:60,0
LF:4
LH:1
end_of_record
SF:lib/api/products/models/product_dto.g.dart
DA:9,0
DA:10,0
DA:11,0
DA:12,0
DA:13,0
DA:14,0
DA:15,0
DA:16,0
DA:17,0
DA:18,0
DA:19,0
DA:20,0
DA:21,0
DA:22,0
DA:23,0
DA:26,0
DA:27,0
DA:28,0
DA:29,0
DA:30,0
DA:31,0
DA:32,0
DA:33,0
DA:34,0
DA:35,0
DA:36,0
DA:37,0
DA:38,0
DA:39,0
DA:40,0
DA:41,0
LF:31
LH:0
end_of_record
SF:lib/api/products/product_api.dart
DA:9,0
DA:10,0
DA:17,0
DA:22,0
DA:23,0
DA:24,0
DA:27,0
DA:28,0
DA:31,0
DA:33,0
DA:35,0
DA:38,0
DA:42,0
DA:43,0
DA:45,0
DA:48,0
DA:49,0
DA:52,0
DA:54,0
DA:56,0
DA:59,0
DA:64,0
DA:65,0
DA:66,0
DA:69,0
DA:70,0
DA:73,0
DA:74,0
DA:77,0
DA:79,0
DA:81,0
DA:84,0
DA:88,0
DA:89,0
DA:91,0
DA:94,0
DA:95,0
DA:98,0
DA:100,0
DA:102,0
DA:105,0
DA:106,0
DA:108,0
LF:43
LH:0
end_of_record
SF:lib/api/stores/models/store_search_result_dto.dart
DA:4,1
DA:13,0
DA:14,0
DA:15,0
DA:17,0
DA:18,0
DA:19,0
DA:20,0
LF:8
LH:1
end_of_record
SF:lib/api/stores/models/store_dto.dart
DA:11,1
DA:68,1
DA:73,0
DA:74,0
DA:78,0
DA:79,0
DA:81,0
LF:7
LH:2
end_of_record
SF:lib/api/stores/models/store_dto.g.dart
DA:9,0
DA:10,0
DA:11,0
DA:12,0
DA:13,0
DA:14,0
DA:15,0
DA:16,0
DA:17,0
DA:18,0
DA:19,0
DA:21,0
DA:22,0
DA:23,0
DA:24,0
DA:25,0
DA:26,0
DA:27,0
DA:28,0
DA:29,0
DA:32,0
DA:33,0
DA:34,0
DA:35,0
DA:36,0
DA:37,0
DA:38,0
DA:39,0
DA:40,0
DA:41,0
DA:42,0
DA:43,0
DA:44,0
DA:45,0
DA:46,0
DA:47,0
DA:48,0
DA:49,0
DA:50,0
LF:39
LH:0
end_of_record
SF:lib/api/stores/models/retailer_dto.dart
DA:7,1
DA:13,0
DA:14,0
DA:16,0
DA:17,0
LF:5
LH:1
end_of_record
SF:lib/api/stores/models/retailer_dto.g.dart
DA:9,0
DA:10,0
DA:13,0
DA:14,0
DA:15,0
LF:5
LH:0
end_of_record
SF:lib/api/stores/store_api.dart
DA:10,0
DA:11,0
DA:18,0
DA:24,0
DA:25,0
DA:26,0
DA:28,0
DA:29,0
DA:32,0
DA:33,0
DA:36,0
DA:38,0
DA:40,0
DA:43,0
DA:44,0
DA:47,0
LF:16
LH:0
end_of_record
SF:lib/api/submissions/submission_api.dart
DA:11,1
DA:12,1
DA:20,0
DA:21,0
DA:22,0
DA:23,0
DA:25,0
DA:28,0
DA:30,0
DA:31,0
DA:32,0
DA:35,0
DA:37,0
DA:38,0
DA:39,0
DA:41,0
DA:42,0
DA:43,0
DA:49,0
DA:51,0
DA:53,0
DA:54,0
DA:56,0
DA:58,0
DA:60,0
DA:61,0
DA:62,0
DA:67,0
DA:69,0
DA:71,0
DA:72,0
DA:74,0
DA:76,0
DA:78,0
DA:79,0
DA:80,0
DA:85,0
DA:87,0
DA:89,0
DA:90,0
DA:93,0
DA:95,0
DA:96,0
DA:100,0
DA:102,0
DA:106,0
DA:108,0
DA:111,0
DA:112,0
DA:115,0
DA:117,0
DA:118,0
DA:122,0
DA:124,0
DA:128,0
DA:130,0
DA:132,0
DA:134,0
DA:135,0
DA:137,0
DA:140,0
DA:141,0
DA:145,0
DA:148,0
DA:149,0
DA:152,0
LF:66
LH:2
end_of_record
SF:lib/api/submissions/models/campaign_dto.dart
DA:13,0
DA:15,0
DA:17,0
DA:19,0
DA:26,5
DA:74,2
DA:75,4
DA:76,4
DA:77,4
DA:78,4
DA:79,6
DA:80,6
DA:81,6
DA:82,6
DA:87,5
DA:100,5
DA:120,0
DA:121,0
DA:123,0
DA:128,5
DA:141,5
DA:161,0
DA:162,0
DA:164,0
LF:24
LH:14
end_of_record
SF:lib/api/submissions/models/campaign_dto.g.dart
DA:9,0
DA:10,0
DA:11,0
DA:12,0
DA:14,0
DA:15,0
DA:16,0
DA:17,0
DA:18,0
DA:20,0
DA:21,0
DA:22,0
DA:23,0
DA:24,0
DA:27,0
DA:29,0
DA:30,0
DA:31,0
DA:32,0
DA:33,0
DA:34,0
DA:35,0
DA:36,0
DA:37,0
DA:38,0
DA:39,0
DA:40,0
DA:41,0
DA:56,0
DA:57,0
DA:58,0
DA:59,0
DA:61,0
DA:62,0
DA:63,0
DA:64,0
DA:65,0
DA:67,0
DA:68,0
DA:69,0
DA:70,0
DA:71,0
DA:74,0
DA:75,0
DA:76,0
DA:77,0
DA:78,0
DA:79,0
DA:80,0
DA:81,0
DA:82,0
DA:83,0
DA:84,0
DA:85,0
DA:86,0
DA:87,0
LF:56
LH:0
end_of_record
SF:lib/api/submissions/models/store_visit_dto.dart
DA:7,6
DA:27,0
DA:28,0
DA:30,0
DA:31,0
LF:5
LH:1
end_of_record
SF:lib/api/submissions/models/store_visit_dto.g.dart
DA:9,0
DA:10,0
DA:11,0
DA:12,0
DA:13,0
DA:14,0
DA:15,0
DA:18,0
DA:19,0
DA:20,0
DA:21,0
DA:22,0
DA:23,0
DA:24,0
LF:14
LH:0
end_of_record
SF:lib/api/submissions/models/submission_template_dto.dart
DA:9,7
DA:36,0
DA:37,0
DA:39,0
LF:4
LH:1
end_of_record
SF:lib/api/submissions/models/submission_template_dto.g.dart
DA:9,0
DA:11,0
DA:12,0
DA:13,0
DA:14,0
DA:15,0
DA:16,0
DA:17,0
DA:18,0
DA:19,0
DA:20,0
DA:21,0
DA:24,0
DA:26,0
DA:27,0
DA:28,0
DA:29,0
DA:30,0
DA:31,0
DA:32,0
DA:33,0
LF:21
LH:0
end_of_record
SF:lib/api/submissions/models/submission_template_step_dto.dart
DA:9,7
DA:47,0
DA:48,0
DA:50,0
LF:4
LH:1
end_of_record
SF:lib/api/submissions/models/submission_template_step_dto.g.dart
DA:9,0
DA:11,0
DA:12,0
DA:13,0
DA:14,0
DA:16,0
DA:17,0
DA:18,0
DA:20,0
DA:21,0
DA:22,0
DA:23,0
DA:25,0
DA:26,0
DA:27,0
DA:28,0
DA:29,0
DA:32,0
DA:34,0
DA:35,0
DA:36,0
DA:37,0
DA:38,0
DA:39,0
DA:40,0
DA:41,0
DA:42,0
DA:43,0
DA:44,0
LF:29
LH:0
end_of_record
SF:lib/api/submissions/models/submission_template_field_dto.dart
DA:23,0
DA:25,0
DA:27,0
DA:29,0
DA:37,7
DA:66,0
DA:67,0
DA:69,0
LF:8
LH:1
end_of_record
SF:lib/api/submissions/models/submission_template_field_dto.g.dart
DA:9,0
DA:11,0
DA:12,0
DA:13,0
DA:14,0
DA:15,0
DA:16,0
DA:17,0
DA:18,0
DA:19,0
DA:20,0
DA:21,0
DA:22,0
DA:25,0
DA:27,0
DA:28,0
DA:29,0
DA:30,0
DA:31,0
DA:32,0
DA:33,0
DA:34,0
DA:35,0
LF:23
LH:0
end_of_record
SF:lib/api/submissions/models/submission_result_dto.dart
DA:10,3
DA:39,0
DA:40,0
DA:42,0
DA:44,1
DA:45,1
DA:46,1
DA:47,1
DA:48,1
DA:49,1
DA:50,1
DA:51,1
LF:12
LH:9
end_of_record
SF:lib/api/submissions/models/submission_result_dto.g.dart
DA:9,0
DA:10,0
DA:11,0
DA:12,0
DA:13,0
DA:14,0
DA:15,0
DA:16,0
DA:17,0
DA:18,0
DA:19,0
DA:20,0
DA:23,0
DA:25,0
DA:26,0
DA:27,0
DA:28,0
DA:29,0
DA:30,0
DA:31,0
DA:32,0
LF:21
LH:0
end_of_record
SF:lib/api/submissions/models/submission_step_result_dto.dart
DA:10,1
DA:32,0
DA:33,0
DA:35,0
DA:37,1
DA:39,7
LF:6
LH:3
end_of_record
SF:lib/api/submissions/models/submission_step_result_dto.g.dart
DA:9,0
DA:11,0
DA:12,0
DA:13,0
DA:14,0
DA:15,0
DA:16,0
DA:17,0
DA:18,0
DA:19,0
DA:22,0
DA:24,0
DA:25,0
DA:26,0
DA:27,0
DA:28,0
DA:29,0
LF:17
LH:0
end_of_record
SF:lib/api/submissions/models/submission_field_result_dto.dart
DA:10,1
DA:20,0
DA:21,0
DA:23,0
DA:25,1
DA:26,1
DA:27,1
DA:28,1
LF:8
LH:5
end_of_record
SF:lib/api/submissions/models/submission_field_result_dto.g.dart
DA:9,0
DA:11,0
DA:12,0
DA:13,0
DA:14,0
DA:16,0
DA:20,0
DA:22,0
DA:23,0
DA:24,0
LF:10
LH:0
end_of_record
SF:lib/api/submissions/models/submission_field_result_value_dto.dart
DA:9,1
DA:36,0
DA:37,0
DA:39,0
DA:41,1
DA:42,1
DA:43,1
DA:44,1
DA:45,1
DA:46,1
DA:47,1
DA:48,1
DA:49,1
DA:50,1
LF:14
LH:11
end_of_record
SF:lib/api/submissions/models/submission_field_result_value_dto.g.dart
DA:9,0
DA:11,0
DA:12,0
DA:13,0
DA:14,0
DA:15,0
DA:17,0
DA:18,0
DA:20,0
DA:21,0
DA:23,0
DA:24,0
DA:26,0
DA:28,0
DA:29,0
DA:30,0
DA:31,0
DA:32,0
DA:33,0
DA:34,0
DA:35,0
LF:21
LH:0
end_of_record
SF:lib/api/submissions/models/submission_field_result_value_item_dto.dart
DA:10,0
DA:28,0
DA:30,0
DA:32,0
DA:33,0
DA:35,0
DA:36,0
DA:37,0
DA:38,0
DA:39,0
DA:40,0
LF:11
LH:0
end_of_record
SF:lib/api/submissions/models/submission_field_result_value_item_dto.g.dart
DA:9,0
DA:11,0
DA:12,0
DA:13,0
DA:14,0
DA:15,0
DA:18,0
DA:20,0
DA:21,0
DA:22,0
DA:23,0
DA:24,0
LF:12
LH:0
end_of_record
SF:lib/extensions/date_time_extensions.dart
DA:5,1
DA:6,1
DA:7,0
DA:9,4
DA:13,1
DA:14,1
DA:15,1
DA:16,1
DA:17,1
DA:18,1
DA:19,1
DA:22,0
DA:23,0
DA:24,0
DA:25,0
DA:28,0
DA:30,0
DA:34,0
DA:35,0
DA:36,0
DA:37,0
DA:40,0
DA:42,0
LF:23
LH:10
end_of_record
SF:lib/features/app/screens/app.dart
DA:15,1
DA:27,1
DA:29,1
DA:30,1
DA:31,2
DA:32,2
DA:33,1
DA:34,2
DA:35,2
DA:36,1
DA:37,2
DA:39,1
DA:40,1
DA:41,0
DA:43,0
DA:45,1
DA:46,1
DA:47,1
DA:48,2
DA:49,1
DA:50,1
DA:51,2
DA:60,30
DA:62,1
DA:63,1
DA:69,3
DA:71,1
DA:73,1
DA:75,1
DA:81,1
DA:87,1
DA:103,2
DA:105,1
DA:106,1
DA:109,1
DA:110,1
DA:113,1
DA:114,1
DA:135,1
DA:136,1
DA:137,1
DA:139,1
DA:140,0
DA:142,0
DA:144,1
DA:145,1
DA:146,1
DA:147,3
DA:148,1
DA:149,1
DA:150,1
DA:151,2
DA:152,1
DA:153,1
DA:156,1
DA:157,2
DA:158,1
DA:159,1
DA:162,0
DA:172,2
LF:60
LH:55
end_of_record
SF:lib/features/app/widgets/loading_overlay.dart
DA:6,12
DA:9,12
DA:13,1
DA:14,1
DA:17,12
DA:18,12
DA:25,1
DA:26,2
DA:27,1
DA:28,1
DA:32,1
DA:33,2
DA:34,1
DA:35,1
DA:39,12
DA:41,12
DA:42,12
DA:43,24
DA:44,12
DA:45,0
DA:46,0
DA:52,12
DA:53,0
DA:54,0
DA:55,0
DA:56,0
DA:58,0
DA:59,0
DA:61,0
DA:65,0
DA:67,0
DA:68,0
DA:69,0
DA:70,0
DA:71,0
DA:72,0
DA:73,0
LF:37
LH:20
end_of_record
SF:lib/features/authentication/bloc/authentication_state.dart
DA:4,32
DA:10,30
DA:12,2
DA:13,1
DA:15,30
DA:16,0
DA:22,0
DA:27,0
DA:28,0
DA:29,0
DA:30,0
DA:34,1
DA:35,4
LF:13
LH:7
end_of_record
SF:lib/features/authentication/bloc/authentication_bloc.dart
DA:13,1
DA:18,1
DA:19,2
DA:20,2
DA:21,2
DA:22,4
DA:23,3
DA:33,1
DA:35,2
DA:36,2
DA:37,1
DA:40,1
DA:44,1
DA:45,1
DA:46,1
DA:47,1
DA:48,1
DA:49,1
DA:50,1
DA:52,0
DA:53,0
DA:57,1
DA:61,2
DA:62,1
DA:63,1
DA:67,0
DA:71,0
DA:74,0
DA:75,0
DA:76,0
DA:80,1
DA:82,2
LF:32
LH:25
end_of_record
SF:lib/features/authentication/bloc/authentication_event.dart
DA:4,1
DA:6,0
DA:7,0
DA:11,1
DA:15,0
DA:16,0
LF:6
LH:2
end_of_record
SF:lib/l10n/l10n.dart
DA:7,26
LF:1
LH:1
end_of_record
SF:lib/features/splash/screens/splash_page.dart
DA:4,30
DA:6,1
DA:7,2
DA:10,1
LF:4
LH:4
end_of_record
SF:lib/features/stores/screens/store_page.dart
DA:17,31
DA:19,2
DA:20,3
DA:23,2
DA:25,2
DA:26,8
DA:28,2
DA:29,2
DA:30,8
DA:32,2
DA:33,2
DA:35,2
DA:36,0
DA:37,0
DA:44,2
DA:45,2
DA:46,2
DA:47,2
DA:48,2
DA:49,2
DA:50,2
DA:51,2
DA:57,2
DA:60,2
DA:61,8
DA:65,2
DA:67,4
DA:72,2
DA:74,4
DA:78,0
DA:79,0
DA:80,0
DA:83,2
DA:85,4
DA:89,0
DA:90,0
DA:91,0
DA:94,2
DA:95,2
DA:96,4
DA:100,0
DA:101,0
DA:102,0
DA:105,2
DA:106,0
DA:107,0
DA:108,0
DA:109,0
DA:110,0
DA:111,0
DA:113,0
DA:116,2
DA:117,2
DA:119,4
DA:121,2
DA:122,2
DA:123,6
DA:125,0
DA:126,0
DA:127,0
DA:133,2
DA:134,2
DA:135,0
DA:136,0
DA:137,0
DA:138,0
DA:141,0
DA:142,0
DA:143,0
DA:144,0
DA:145,0
DA:146,0
DA:155,2
DA:156,4
DA:157,2
DA:159,2
DA:161,2
DA:162,2
DA:163,6
LF:79
LH:48
end_of_record
SF:lib/features/barcode_scanner/screens/barcode_scanner_page.dart
DA:7,1
DA:8,0
DA:12,1
DA:13,1
DA:15,1
DA:16,1
DA:17,0
DA:18,0
DA:31,1
DA:34,1
DA:35,4
DA:36,1
DA:38,1
DA:41,1
DA:45,1
DA:46,1
DA:50,1
DA:51,1
DA:52,1
DA:53,1
DA:54,1
DA:55,1
DA:57,0
DA:58,0
DA:59,0
DA:60,0
DA:66,0
DA:67,0
DA:68,0
DA:69,0
DA:70,0
DA:73,0
DA:74,0
DA:79,1
DA:81,1
DA:86,1
DA:88,1
DA:92,2
DA:93,1
DA:97,1
DA:98,1
DA:100,1
DA:101,1
DA:103,1
DA:104,1
DA:105,1
DA:106,1
DA:109,1
DA:111,1
DA:115,1
DA:116,1
DA:117,1
DA:119,2
DA:124,2
DA:125,0
DA:126,0
DA:127,0
DA:128,0
DA:129,0
DA:136,1
DA:137,1
DA:139,2
DA:144,2
DA:145,0
DA:146,0
LF:65
LH:44
end_of_record
SF:lib/features/create_product/screens/create_product_page.dart
DA:12,1
DA:13,0
DA:20,1
DA:22,1
DA:23,0
DA:29,1
DA:30,1
DA:39,1
DA:41,1
DA:43,4
DA:44,4
DA:45,1
DA:48,1
DA:50,2
DA:51,2
DA:52,1
DA:55,1
DA:57,2
DA:58,1
DA:59,1
DA:60,1
DA:63,1
DA:64,1
DA:66,2
DA:67,1
DA:69,1
DA:71,1
DA:72,1
DA:75,0
DA:76,0
DA:80,1
DA:82,1
DA:83,3
DA:87,1
DA:89,1
DA:91,1
DA:92,0
DA:93,0
DA:94,0
DA:95,0
DA:98,1
DA:99,1
DA:100,1
DA:102,1
DA:107,1
DA:108,1
DA:109,1
DA:110,1
DA:112,1
DA:115,1
DA:116,1
DA:118,1
DA:119,1
DA:121,2
DA:124,1
DA:125,1
DA:131,1
DA:133,1
DA:135,1
DA:136,1
DA:137,1
DA:139,1
DA:141,1
DA:142,3
DA:143,1
DA:144,2
DA:145,2
DA:147,1
DA:148,1
DA:152,1
DA:153,0
DA:154,0
DA:155,0
DA:156,0
DA:157,0
DA:158,0
DA:163,0
DA:164,0
DA:176,1
DA:177,2
DA:178,4
DA:179,3
LF:82
LH:66
end_of_record
SF:lib/features/dialogs/screens/dialog_page.dart
DA:7,2
DA:25,30
DA:27,2
DA:28,2
DA:29,2
DA:30,2
DA:33,2
DA:35,6
DA:37,2
DA:42,4
DA:43,4
DA:44,2
DA:45,2
DA:46,2
DA:47,2
DA:48,2
DA:50,2
DA:53,2
DA:54,4
DA:56,2
DA:57,2
DA:62,2
DA:65,4
DA:66,6
DA:67,2
DA:68,2
DA:69,2
DA:70,2
DA:71,2
DA:76,4
DA:77,6
DA:79,8
DA:82,2
DA:85,2
DA:88,4
DA:89,0
DA:90,0
DA:92,2
DA:93,4
DA:96,2
DA:98,4
DA:99,4
DA:100,1
DA:101,2
DA:103,4
DA:104,8
DA:109,2
DA:110,2
DA:111,2
DA:112,2
DA:116,2
DA:119,2
DA:120,2
DA:122,2
DA:123,2
DA:124,2
DA:126,2
DA:127,4
DA:128,2
DA:131,2
DA:132,2
DA:133,2
DA:135,2
DA:143,2
DA:146,2
DA:147,0
DA:148,0
LF:67
LH:63
end_of_record
SF:lib/features/global/always_disabled_focus_node.dart
DA:4,1
LF:1
LH:1
end_of_record
SF:lib/features/global/ean_validator.dart
DA:2,3
DA:3,6
DA:4,6
DA:6,4
DA:7,3
DA:8,2
DA:14,2
DA:15,2
DA:17,2
DA:20,2
DA:21,8
DA:24,2
DA:26,2
DA:27,6
DA:28,6
DA:29,2
DA:34,8
DA:35,8
DA:36,4
DA:38,4
DA:42,10
LF:21
LH:21
end_of_record
SF:lib/features/global/widgets/bottom_loader.dart
DA:5,90
DA:7,2
DA:9,2
DA:10,2
DA:12,2
DA:15,2
DA:16,4
LF:7
LH:7
end_of_record
SF:lib/features/login/bloc/login_event.dart
DA:4,33
DA:6,0
DA:7,0
DA:11,3
DA:15,1
DA:16,2
DA:20,1
DA:24,0
DA:25,0
DA:29,1
DA:33,0
DA:34,0
DA:38,32
LF:13
LH:7
end_of_record
SF:lib/features/login/bloc/login_state.dart
DA:4,33
DA:18,4
DA:19,8
DA:20,2
DA:21,6
DA:23,0
DA:24,0
DA:25,0
DA:26,0
DA:28,1
DA:35,1
DA:36,1
DA:37,1
DA:38,1
DA:39,1
DA:40,1
DA:44,1
DA:45,6
LF:18
LH:14
end_of_record
SF:lib/features/login/bloc/login_bloc.dart
DA:11,3
DA:16,3
DA:17,6
DA:18,6
DA:19,6
DA:20,6
DA:26,1
DA:30,3
DA:31,1
DA:36,1
DA:40,3
DA:41,1
DA:46,1
DA:50,3
DA:51,1
DA:55,1
DA:59,2
DA:60,2
DA:62,3
DA:65,3
DA:66,2
DA:68,2
DA:71,1
DA:72,3
DA:75,3
DA:78,0
LF:26
LH:25
end_of_record
SF:lib/features/login/models/form_submission_status.dart
DA:4,92
DA:8,31
DA:10,1
DA:11,1
DA:15,62
DA:17,0
DA:18,0
DA:22,31
DA:24,0
DA:25,0
DA:29,31
DA:33,0
DA:34,0
LF:13
LH:7
end_of_record
SF:lib/features/login/screens/login_page.dart
DA:9,31
DA:11,2
DA:12,3
DA:15,2
DA:17,2
DA:18,2
DA:19,2
DA:20,2
DA:21,2
DA:23,2
DA:24,2
DA:27,2
DA:28,2
DA:29,2
DA:31,2
DA:33,2
DA:34,2
DA:36,2
LF:18
LH:18
end_of_record
SF:lib/features/login/widgets/login_form.dart
DA:8,3
DA:16,3
DA:18,3
DA:20,3
DA:21,1
DA:22,1
DA:23,1
DA:24,2
DA:27,3
DA:28,3
DA:29,3
DA:31,3
DA:32,3
DA:33,3
DA:34,9
DA:37,3
DA:38,3
DA:39,9
DA:42,3
DA:47,3
DA:54,3
DA:55,3
DA:56,3
DA:57,3
DA:59,3
DA:61,3
DA:62,3
DA:64,3
DA:67,3
DA:68,1
DA:69,3
DA:70,6
DA:73,7
DA:77,0
DA:78,0
DA:79,0
DA:80,0
DA:82,0
DA:84,0
DA:85,0
DA:86,0
DA:88,0
DA:89,0
DA:90,0
DA:94,0
DA:95,0
DA:96,0
DA:98,0
DA:100,0
DA:101,0
DA:102,0
DA:103,0
DA:106,0
DA:107,0
DA:111,3
DA:112,3
DA:113,3
DA:114,3
DA:115,3
DA:117,3
DA:119,3
DA:128,3
DA:130,3
DA:132,3
DA:133,1
DA:134,2
DA:135,1
DA:136,2
DA:140,6
DA:145,7
DA:149,1
DA:150,2
DA:152,1
DA:153,1
DA:154,1
LF:75
LH:54
end_of_record
SF:lib/features/search_items/bloc/search_items_event.dart
DA:4,0
DA:5,0
DA:7,93
DA:11,31
DA:15,61
DA:19,33
DA:23,0
DA:24,0
LF:8
LH:4
end_of_record
SF:lib/features/search_items/bloc/search_items_bloc.dart
DA:17,3
DA:18,9
DA:22,3
DA:28,6
DA:29,6
DA:30,6
DA:31,9
DA:33,3
DA:40,1
DA:44,5
DA:49,0
DA:51,0
DA:53,0
DA:54,0
DA:56,0
DA:57,0
DA:61,0
DA:62,0
DA:66,3
DA:70,24
DA:74,9
DA:77,9
DA:79,3
DA:80,6
DA:82,3
DA:83,3
DA:87,2
DA:88,3
DA:92,3
DA:94,18
DA:96,15
DA:100,3
DA:103,3
DA:104,6
DA:105,3
DA:106,2
DA:107,9
DA:108,3
DA:109,6
DA:110,33
LF:40
LH:32
end_of_record
SF:lib/features/search_items/bloc/search_items_state.dart
DA:6,4
DA:21,3
DA:27,3
DA:28,3
DA:29,3
DA:30,3
DA:31,3
DA:32,3
DA:36,0
DA:38,0
DA:41,3
DA:42,18
LF:12
LH:10
end_of_record
SF:lib/features/search_items/models/item_type.dart
DA:6,1
DA:8,1
DA:10,0
DA:13,0
LF:4
LH:2
end_of_record
SF:lib/features/search_items/models/search_item.dart
DA:5,3
DA:22,0
DA:23,0
LF:3
LH:1
end_of_record
SF:lib/features/search_items/screens/search_items_page.dart
DA:9,2
DA:18,1
DA:33,2
DA:41,2
DA:42,2
DA:53,2
DA:55,2
DA:56,2
DA:57,2
DA:58,2
DA:59,0
DA:60,2
DA:61,2
DA:62,2
DA:63,4
DA:64,2
DA:65,2
DA:66,2
DA:67,6
DA:68,1
DA:69,3
DA:71,2
DA:72,2
DA:73,1
DA:75,1
DA:77,1
DA:79,1
DA:81,1
DA:82,1
DA:83,1
DA:84,2
DA:85,2
DA:86,0
LF:33
LH:31
end_of_record
SF:lib/features/search_items/widgets/search_items_list.dart
DA:12,4
DA:18,2
DA:19,2
DA:25,2
DA:27,2
DA:28,6
DA:31,2
DA:33,2
DA:34,4
DA:35,0
DA:36,0
DA:37,0
DA:39,2
DA:40,2
DA:41,2
DA:42,2
DA:44,2
DA:45,2
DA:46,4
DA:47,2
DA:51,2
DA:52,2
DA:53,2
DA:56,2
DA:57,6
DA:61,6
DA:63,12
DA:65,10
DA:67,2
DA:68,2
DA:69,3
DA:70,2
DA:73,2
DA:81,2
DA:83,2
DA:84,4
DA:85,2
DA:86,2
DA:89,0
DA:90,0
DA:91,0
DA:95,0
DA:96,0
DA:97,0
DA:98,0
DA:99,0
DA:104,30
DA:106,0
DA:108,1
DA:110,1
DA:111,1
DA:115,1
DA:116,1
DA:117,1
DA:120,1
DA:122,3
LF:56
LH:44
end_of_record
SF:lib/features/search_items/widgets/search_item_input.dart
DA:10,4
DA:16,2
DA:17,2
DA:23,2
DA:25,4
DA:26,2
DA:27,2
DA:31,2
DA:32,2
DA:33,2
DA:34,2
DA:35,2
DA:39,2
DA:40,4
DA:41,2
DA:42,2
DA:46,0
DA:47,0
DA:49,0
DA:50,0
DA:53,6
DA:54,2
DA:55,2
DA:58,2
DA:59,0
DA:60,0
DA:61,0
DA:62,0
DA:63,0
DA:64,0
DA:65,0
DA:73,2
DA:74,4
DA:77,2
DA:78,6
DA:84,2
DA:85,2
DA:86,4
DA:87,2
DA:88,1
DA:89,2
DA:90,2
LF:42
LH:31
end_of_record
SF:lib/features/search_items/widgets/search_bloc_provider.dart
DA:8,2
DA:13,2
DA:20,2
DA:22,2
DA:23,4
DA:24,2
DA:25,2
DA:26,1
DA:28,2
LF:9
LH:9
end_of_record
SF:lib/features/search_items/widgets/search_list_item.dart
DA:7,2
DA:12,2
DA:14,2
DA:15,4
DA:16,2
DA:19,2
DA:20,2
DA:21,2
DA:23,2
DA:24,4
DA:25,1
DA:27,1
DA:29,1
DA:31,1
DA:32,1
DA:33,2
DA:37,2
DA:38,2
DA:41,2
DA:42,6
DA:45,6
DA:46,8
DA:48,2
DA:49,4
DA:51,6
DA:60,2
DA:61,5
DA:64,2
LF:28
LH:28
end_of_record
SF:lib/features/search_store/screens/search_store_page.dart
DA:10,31
DA:14,1
DA:15,1
DA:17,1
DA:18,1
DA:25,1
DA:27,1
DA:28,2
DA:29,1
DA:31,1
DA:33,1
DA:35,2
DA:36,4
DA:40,1
DA:41,2
DA:42,1
DA:43,1
DA:46,1
DA:47,1
DA:48,1
DA:49,1
DA:50,2
DA:51,1
DA:52,1
DA:56,0
DA:57,0
DA:59,0
DA:60,0
DA:68,1
DA:69,2
DA:72,1
DA:73,3
LF:32
LH:28
end_of_record
SF:lib/features/search_store/widgets/search_store_list.dart
DA:12,2
DA:14,1
DA:15,1
DA:21,1
DA:23,1
DA:24,1
DA:25,1
DA:26,1
DA:27,1
DA:28,0
DA:30,0
DA:31,0
DA:32,0
DA:36,1
DA:37,2
DA:38,1
DA:40,1
DA:41,1
DA:42,3
DA:50,1
DA:53,1
DA:54,1
DA:55,2
DA:57,3
DA:58,3
DA:60,3
DA:63,0
DA:65,0
DA:67,2
DA:68,1
DA:70,1
DA:79,30
DA:81,0
DA:83,1
DA:85,1
DA:86,1
DA:90,1
DA:91,1
DA:92,1
DA:95,1
DA:97,3
DA:103,1
DA:106,1
DA:110,1
DA:112,1
DA:116,2
DA:117,1
DA:118,1
LF:48
LH:41
end_of_record
SF:lib/features/search_store/widgets/search_store_list_item.dart
DA:8,1
DA:12,1
DA:14,1
DA:15,2
DA:17,1
DA:18,0
DA:19,0
DA:21,1
DA:24,1
DA:26,1
DA:34,1
DA:35,1
DA:37,1
DA:38,3
DA:39,3
DA:41,1
DA:42,1
DA:43,3
DA:44,0
DA:46,3
DA:49,1
DA:52,1
LF:22
LH:19
end_of_record
SF:lib/features/store_report/bloc/store_report_bloc.dart
DA:16,2
DA:22,4
DA:23,4
DA:24,4
DA:25,4
DA:27,8
DA:28,6
DA:31,2
DA:32,2
DA:33,8
DA:41,2
DA:45,6
DA:49,6
DA:51,4
DA:53,4
DA:54,6
DA:55,2
DA:56,6
DA:57,4
DA:59,4
DA:61,6
DA:64,4
DA:68,4
DA:71,12
DA:73,12
DA:75,4
DA:77,2
DA:79,2
DA:80,8
DA:82,6
DA:84,2
DA:88,6
DA:89,4
DA:94,2
DA:98,6
DA:100,4
DA:101,0
DA:102,0
DA:103,0
DA:106,6
DA:107,2
DA:108,0
DA:109,0
DA:110,0
DA:112,2
DA:113,0
DA:115,4
DA:118,6
DA:121,1
DA:125,3
DA:127,2
DA:129,1
DA:131,3
DA:132,3
DA:135,1
DA:137,1
DA:139,2
DA:140,2
DA:141,3
DA:142,3
DA:143,4
DA:144,4
DA:148,3
DA:149,3
DA:154,2
DA:156,4
DA:159,4
DA:160,4
DA:161,10
DA:162,4
DA:165,2
DA:168,2
LF:72
LH:65
end_of_record
SF:lib/features/store_report/bloc/store_report_event.dart
DA:4,33
DA:6,0
DA:7,0
DA:11,32
DA:17,2
DA:21,0
DA:22,0
DA:26,31
DA:30,0
DA:31,0
LF:10
LH:4
end_of_record
SF:lib/features/store_report/bloc/store_report_state.dart
DA:6,2
DA:27,1
DA:28,5
DA:29,3
DA:30,3
DA:32,2
DA:40,2
DA:41,2
DA:42,2
DA:43,2
DA:44,2
DA:45,2
DA:46,2
DA:47,2
DA:51,2
DA:53,16
DA:57,31
DA:74,0
DA:76,1
DA:83,1
DA:84,1
DA:85,1
DA:86,1
DA:87,1
DA:88,1
DA:92,1
DA:94,6
LF:27
LH:26
end_of_record
SF:lib/features/store_report/screens/store_report_page.dart
DA:31,31
DA:34,1
DA:35,1
DA:36,0
DA:37,1
DA:40,1
DA:42,1
DA:44,1
DA:45,2
DA:46,3
DA:47,1
DA:49,1
DA:51,1
DA:52,1
DA:53,1
DA:54,1
DA:55,2
DA:56,1
DA:58,2
DA:62,1
DA:63,3
DA:64,2
DA:65,1
DA:66,0
DA:67,0
DA:68,0
DA:69,0
DA:70,0
DA:71,0
DA:72,0
DA:73,0
DA:75,0
DA:76,0
DA:77,0
DA:79,0
DA:80,0
DA:81,0
DA:82,0
DA:83,0
DA:84,0
DA:87,0
DA:95,0
DA:96,0
DA:97,0
DA:104,1
DA:105,3
DA:107,1
DA:108,1
DA:110,1
DA:111,1
DA:115,2
DA:116,1
DA:117,0
DA:118,0
DA:119,0
DA:120,0
DA:122,0
DA:123,0
DA:124,0
DA:125,0
DA:130,1
DA:133,1
DA:134,1
DA:135,3
DA:137,1
DA:139,1
DA:140,1
DA:141,1
DA:142,1
DA:143,1
DA:144,1
DA:145,1
DA:146,0
DA:147,0
DA:148,0
DA:149,0
DA:150,0
DA:152,1
DA:155,1
DA:156,1
DA:157,1
DA:158,1
DA:160,1
DA:161,1
DA:167,1
DA:175,1
DA:176,1
DA:177,1
DA:178,1
DA:179,0
DA:180,0
DA:183,0
DA:189,1
DA:190,1
DA:192,4
DA:193,1
DA:196,0
DA:197,0
DA:198,0
DA:211,0
DA:212,0
DA:213,0
DA:214,0
DA:217,0
DA:224,0
DA:228,1
DA:229,2
DA:230,1
DA:233,1
DA:241,1
DA:242,1
DA:244,1
DA:246,1
DA:247,5
DA:248,1
DA:249,1
DA:250,1
DA:251,1
DA:253,1
DA:254,4
DA:256,4
DA:269,1
DA:270,2
DA:272,1
DA:275,2
DA:276,1
DA:277,5
DA:278,1
DA:280,2
DA:281,2
DA:282,1
DA:283,1
DA:284,1
DA:285,0
DA:286,0
DA:288,0
DA:289,0
DA:290,0
DA:291,0
DA:292,0
DA:293,0
DA:302,1
DA:307,1
DA:308,2
DA:309,1
DA:310,1
DA:311,1
DA:312,1
DA:314,1
DA:318,1
DA:320,2
DA:322,1
DA:326,2
DA:328,7
DA:330,1
DA:332,2
DA:333,2
DA:334,1
DA:335,1
DA:336,2
DA:337,1
DA:338,1
DA:339,0
DA:340,0
DA:344,1
DA:349,1
DA:350,3
DA:351,0
DA:352,0
DA:353,1
DA:354,1
DA:355,1
DA:356,1
DA:357,1
DA:358,1
DA:360,1
DA:364,1
DA:365,1
DA:366,1
DA:367,2
DA:368,2
DA:369,1
DA:370,1
DA:371,0
DA:372,0
DA:373,0
DA:375,2
DA:381,0
DA:382,0
DA:383,0
DA:384,0
DA:385,0
DA:386,0
DA:387,0
DA:388,0
DA:392,0
DA:393,0
DA:394,0
DA:395,0
DA:396,0
DA:399,0
DA:400,0
DA:401,0
DA:404,0
DA:405,0
LF:205
LH:125
end_of_record
SF:lib/features/store_submission/screens/store_submission_page.dart
DA:25,1
DA:27,1
DA:31,1
DA:35,1
DA:36,0
DA:47,1
DA:49,1
DA:50,1
DA:51,2
DA:52,1
DA:53,1
DA:55,1
DA:56,1
DA:57,1
DA:58,1
DA:59,1
DA:60,1
DA:62,1
DA:63,1
DA:64,1
DA:66,2
DA:67,4
DA:68,1
DA:72,2
DA:74,2
DA:75,2
DA:76,0
DA:78,2
DA:79,2
DA:80,0
DA:84,2
DA:85,1
DA:87,2
DA:89,2
DA:92,3
DA:93,2
DA:94,4
DA:95,3
DA:96,1
DA:99,4
DA:100,7
DA:101,1
DA:104,3
DA:105,2
DA:107,1
DA:108,3
DA:109,2
DA:110,2
DA:111,2
DA:112,2
DA:113,2
DA:116,1
DA:118,0
DA:119,1
DA:120,0
DA:121,0
DA:125,1
DA:126,1
DA:129,1
DA:130,1
DA:132,2
DA:133,1
DA:135,1
DA:136,1
DA:137,1
DA:140,0
DA:141,0
DA:145,1
DA:146,1
DA:147,1
DA:149,1
DA:150,3
DA:151,2
DA:152,0
DA:158,1
DA:159,1
DA:160,2
DA:161,1
DA:163,1
DA:165,2
DA:166,1
DA:167,2
DA:171,1
DA:172,3
DA:173,1
DA:175,2
DA:187,1
DA:188,1
DA:189,1
DA:190,2
DA:191,2
DA:192,2
DA:193,1
DA:194,2
DA:198,2
DA:199,1
DA:200,1
DA:201,1
DA:205,2
DA:206,0
DA:207,0
DA:209,0
DA:210,0
DA:211,0
DA:212,0
DA:213,0
DA:214,0
DA:215,0
DA:216,0
DA:218,0
DA:220,0
DA:221,0
DA:225,0
DA:226,0
DA:229,1
DA:232,2
DA:233,3
DA:234,1
DA:235,1
DA:238,0
DA:239,0
DA:240,0
DA:241,0
DA:246,3
DA:247,2
DA:249,1
DA:255,1
DA:256,1
DA:257,1
DA:260,1
DA:274,1
DA:275,1
DA:276,1
DA:277,2
DA:278,2
DA:279,1
DA:280,1
DA:281,0
DA:282,0
DA:283,0
DA:285,2
DA:287,1
DA:288,0
DA:290,0
DA:291,0
DA:292,0
DA:293,0
DA:295,2
LF:148
LH:112
end_of_record
SF:lib/features/store_submission/screens/store_submission_summary_page.dart
DA:13,0
DA:14,0
DA:16,0
DA:17,0
DA:18,0
DA:23,0
DA:25,0
DA:35,0
DA:37,0
DA:38,0
DA:39,0
DA:40,0
DA:42,0
DA:43,0
DA:44,0
DA:45,0
DA:46,0
DA:47,0
DA:48,0
DA:49,0
DA:50,0
DA:56,0
DA:58,0
DA:59,0
DA:62,0
DA:64,0
DA:66,0
DA:67,0
DA:69,0
DA:72,0
DA:77,0
DA:78,0
DA:80,0
DA:81,0
DA:82,0
DA:83,0
DA:86,0
DA:88,0
DA:89,0
DA:93,0
DA:95,0
DA:97,0
DA:105,0
DA:106,0
DA:107,0
DA:108,0
DA:109,0
DA:110,0
DA:111,0
DA:119,0
DA:120,0
DA:121,0
DA:122,0
DA:128,0
DA:130,0
DA:131,0
DA:134,0
DA:135,0
DA:136,0
DA:137,0
DA:139,0
DA:140,0
DA:142,0
DA:143,0
DA:146,0
DA:147,0
DA:149,0
DA:157,0
DA:158,0
DA:160,0
DA:161,0
DA:166,0
LF:72
LH:0
end_of_record
SF:lib/features/store_report/widgets/store_report_list_item.dart
DA:5,1
DA:25,1
DA:27,1
DA:30,1
DA:32,1
DA:33,1
DA:39,1
DA:40,0
DA:41,0
DA:43,1
DA:45,1
DA:47,1
DA:48,1
DA:51,1
DA:53,1
DA:55,1
DA:56,1
DA:57,1
DA:61,1
DA:62,1
DA:65,1
DA:66,2
DA:67,1
DA:68,1
DA:69,1
DA:70,1
DA:74,1
DA:75,1
DA:76,1
DA:77,1
DA:78,1
DA:79,1
DA:84,2
DA:85,0
DA:88,0
DA:89,0
DA:94,0
DA:98,1
DA:99,0
LF:39
LH:32
end_of_record
SF:lib/features/store_report/widgets/store_task_list_item.dart
DA:7,1
DA:17,1
DA:22,2
DA:23,0
DA:24,0
DA:25,0
DA:26,0
DA:27,0
DA:28,0
DA:29,0
DA:30,0
DA:31,0
DA:32,0
DA:35,1
DA:36,0
DA:37,0
DA:39,1
DA:41,1
DA:42,1
DA:44,1
DA:46,1
DA:47,1
DA:50,1
DA:52,1
DA:54,1
DA:55,1
DA:56,3
DA:57,2
DA:61,1
DA:62,1
DA:65,1
DA:66,3
DA:67,1
DA:68,1
DA:69,1
DA:70,1
DA:74,1
DA:75,1
DA:76,2
DA:78,3
DA:83,1
DA:84,0
DA:87,0
DA:88,0
DA:93,0
DA:100,1
DA:104,1
LF:47
LH:31
end_of_record
SF:lib/features/store_submission/bloc/store_submission_event.dart
DA:4,91
DA:6,0
DA:7,0
DA:11,90
DA:15,1
LF:5
LH:3
end_of_record
SF:lib/features/store_submission/bloc/store_submission_state.dart
DA:15,1
DA:30,1
DA:31,3
DA:32,1
DA:33,8
DA:34,0
DA:35,0
DA:36,1
DA:37,4
DA:38,1
DA:39,7
DA:41,0
DA:42,0
DA:44,1
DA:49,1
DA:50,1
DA:51,1
DA:52,1
DA:53,1
DA:54,1
DA:58,1
DA:59,1
DA:60,1
DA:61,1
DA:62,1
LF:25
LH:21
end_of_record
SF:lib/features/store_submission/bloc/store_submission_bloc.dart
DA:17,1
DA:26,2
DA:27,2
DA:28,2
DA:35,1
DA:37,3
DA:38,4
DA:39,6
DA:42,5
DA:43,0
DA:46,3
DA:48,3
DA:49,3
DA:50,3
DA:51,3
DA:52,3
DA:53,3
DA:56,3
DA:57,0
DA:61,3
DA:64,1
DA:66,2
DA:67,1
DA:69,2
DA:70,1
DA:72,3
DA:76,1
DA:78,2
DA:79,0
DA:81,3
DA:85,1
DA:86,0
DA:87,0
DA:89,0
DA:92,1
DA:93,3
DA:95,1
DA:96,1
DA:97,1
DA:99,1
DA:100,2
DA:101,5
DA:103,1
DA:104,3
DA:106,3
DA:114,1
DA:115,3
DA:117,3
DA:121,2
DA:122,0
DA:123,0
DA:126,4
DA:128,1
DA:129,1
DA:130,2
DA:132,2
DA:133,3
DA:138,3
DA:144,3
LF:59
LH:51
end_of_record
SF:lib/features/store_submission/widgets/submission_summary_list_view.dart
DA:14,1
DA:24,1
DA:26,4
DA:27,1
DA:29,2
DA:32,4
DA:34,1
DA:37,1
DA:38,1
DA:39,2
DA:40,2
DA:41,0
DA:43,0
DA:45,0
DA:46,0
DA:47,0
DA:53,2
DA:54,4
DA:58,1
DA:59,1
DA:60,1
DA:61,0
DA:65,0
DA:66,4
DA:71,3
DA:72,1
DA:73,1
DA:74,2
DA:75,1
DA:77,1
DA:81,1
DA:83,1
DA:90,1
DA:91,1
DA:92,0
DA:93,0
DA:94,0
DA:98,1
DA:99,1
DA:101,7
DA:102,2
DA:103,0
DA:104,0
DA:110,2
DA:111,1
DA:112,1
DA:113,1
DA:114,1
DA:115,1
DA:117,1
DA:120,2
DA:121,1
DA:123,2
DA:124,1
DA:125,1
DA:126,1
DA:127,1
DA:128,1
DA:134,1
DA:135,2
DA:142,1
DA:144,1
DA:147,1
DA:148,1
DA:149,2
DA:150,1
DA:151,1
DA:152,1
DA:153,1
DA:158,1
DA:161,1
DA:162,1
DA:170,1
DA:171,1
DA:184,1
DA:185,1
DA:187,1
DA:188,1
DA:193,1
DA:194,1
DA:196,1
DA:198,1
LF:82
LH:70
end_of_record
SF:lib/features/store_submission/widgets/camera_access_view.dart
DA:10,30
DA:14,1
DA:16,1
DA:17,1
DA:19,1
DA:20,1
DA:22,1
DA:26,1
DA:27,1
DA:28,3
DA:33,1
DA:34,1
DA:35,3
DA:41,1
DA:43,1
DA:45,1
DA:46,1
DA:48,2
DA:52,1
DA:53,2
DA:54,0
DA:55,0
LF:22
LH:20
end_of_record
SF:lib/features/store_submission/widgets/submission_field_view.dart
DA:8,1
DA:9,4
DA:14,1
DA:16,2
DA:17,1
DA:18,1
DA:19,1
DA:20,1
DA:22,1
DA:23,1
DA:24,1
DA:25,1
DA:27,1
DA:28,1
DA:29,1
DA:30,1
DA:31,1
DA:33,1
DA:34,1
DA:35,1
DA:36,1
DA:38,1
DA:39,1
DA:40,1
DA:41,1
DA:43,1
DA:44,1
DA:45,1
DA:46,1
DA:48,1
DA:49,1
DA:50,1
DA:51,1
DA:53,1
DA:54,1
DA:55,1
DA:56,1
LF:37
LH:37
end_of_record
SF:lib/features/store_submission/widgets/submission_failed_view.dart
DA:6,30
DA:8,1
DA:9,1
DA:10,1
DA:15,1
DA:17,1
DA:18,1
DA:19,1
DA:20,1
DA:25,0
DA:26,0
DA:29,2
DA:31,1
DA:33,1
DA:36,1
DA:46,1
DA:47,1
DA:48,3
DA:53,1
DA:54,1
DA:56,4
DA:62,1
DA:64,0
DA:65,0
DA:67,2
LF:25
LH:21
end_of_record
SF:lib/features/store_submission/widgets/submission_success_view.dart
DA:7,30
DA:9,1
DA:10,1
DA:11,1
DA:16,1
DA:18,1
DA:19,1
DA:20,1
DA:21,1
DA:26,0
DA:27,0
DA:30,2
DA:32,1
DA:34,1
DA:37,1
DA:39,1
DA:43,1
DA:44,2
DA:45,3
DA:50,1
DA:51,1
DA:53,4
DA:59,1
DA:61,0
DA:62,0
DA:64,2
LF:26
LH:22
end_of_record
SF:lib/features/store_submission/widgets/focus_header_view.dart
DA:6,0
DA:7,0
DA:12,0
DA:14,0
DA:17,0
DA:18,0
DA:20,0
DA:22,0
DA:23,0
DA:24,0
DA:26,0
DA:32,0
DA:33,0
DA:34,0
DA:36,0
DA:46,0
DA:47,0
DA:48,0
DA:50,0
LF:19
LH:0
end_of_record
SF:lib/features/store_submission/widgets/fields/barcode_field_control.dart
DA:14,1
DA:20,1
DA:21,1
DA:29,1
DA:31,1
DA:34,1
DA:36,2
DA:37,1
DA:40,1
DA:42,1
DA:43,1
DA:44,4
DA:45,2
DA:46,1
DA:48,3
DA:49,1
DA:50,0
DA:52,1
DA:56,1
DA:57,3
DA:58,0
DA:59,1
DA:60,1
DA:63,1
DA:64,0
DA:65,0
DA:66,0
DA:67,0
DA:68,0
DA:69,0
DA:70,0
DA:75,1
DA:77,1
DA:78,1
DA:79,1
DA:82,1
DA:83,1
DA:84,1
DA:89,1
DA:90,1
DA:91,1
DA:93,2
DA:94,3
DA:95,3
DA:98,2
DA:99,7
LF:46
LH:37
end_of_record
SF:lib/features/store_submission/widgets/fields/required_view.dart
DA:5,210
DA:15,0
DA:17,0
DA:18,0
DA:19,0
DA:20,0
DA:21,0
DA:22,0
DA:23,0
DA:24,0
DA:25,0
DA:26,0
DA:27,0
DA:28,0
LF:14
LH:1
end_of_record
SF:lib/features/store_submission/widgets/fields/currency_field_control.dart
DA:11,1
DA:17,1
DA:18,1
DA:24,1
DA:26,1
DA:29,1
DA:31,2
DA:32,1
DA:35,1
DA:37,1
DA:38,1
DA:40,3
DA:41,0
DA:42,0
DA:43,0
DA:44,0
DA:47,3
DA:49,2
DA:50,2
DA:54,1
DA:55,4
DA:56,2
DA:57,1
DA:59,3
DA:60,3
DA:64,1
DA:67,1
DA:69,2
DA:72,1
DA:73,1
DA:75,1
DA:76,1
DA:78,2
DA:79,3
DA:80,3
LF:35
LH:31
end_of_record
SF:lib/features/store_submission/widgets/fields/date_field_control.dart
DA:12,1
DA:18,1
DA:19,1
DA:25,1
DA:27,1
DA:30,1
DA:32,2
DA:33,1
DA:36,1
DA:38,1
DA:39,4
DA:40,1
DA:42,3
DA:43,1
DA:47,1
DA:48,3
DA:49,0
DA:50,1
DA:51,1
DA:56,1
DA:57,1
DA:59,2
DA:60,1
DA:61,1
DA:62,1
DA:63,1
DA:64,3
DA:67,1
DA:68,1
DA:71,6
DA:73,1
DA:76,1
DA:77,1
DA:80,2
DA:81,3
DA:82,3
DA:84,1
DA:86,2
DA:87,3
LF:39
LH:38
end_of_record
SF:lib/features/store_submission/widgets/fields/focus_field_control.dart
DA:10,0
DA:14,0
DA:16,0
DA:17,0
DA:18,0
DA:19,0
DA:20,0
DA:22,0
DA:23,0
DA:28,0
DA:29,0
DA:30,0
DA:35,0
DA:36,0
DA:37,0
DA:38,0
DA:40,0
DA:41,0
DA:42,0
DA:43,0
DA:44,0
DA:45,0
DA:46,0
DA:48,0
DA:50,0
DA:51,0
LF:26
LH:0
end_of_record
SF:lib/features/store_submission/widgets/fields/int_field_control.dart
DA:10,1
DA:15,1
DA:17,1
DA:18,3
DA:19,1
DA:20,1
DA:22,2
DA:23,2
DA:28,2
DA:30,1
DA:31,1
DA:32,1
DA:33,3
DA:34,4
LF:14
LH:14
end_of_record
SF:lib/features/store_submission/widgets/fields/photo_field_control.dart
DA:15,1
DA:21,1
DA:23,1
DA:25,1
DA:28,1
DA:30,1
DA:31,1
DA:33,3
DA:34,5
DA:35,0
DA:36,1
DA:39,1
DA:47,1
DA:48,1
DA:49,0
DA:50,0
DA:51,0
DA:53,0
DA:54,0
DA:57,1
DA:60,2
DA:65,2
DA:66,0
DA:74,0
DA:76,0
DA:77,0
DA:79,0
DA:80,0
DA:81,0
DA:82,0
LF:30
LH:16
end_of_record
SF:lib/features/store_submission/widgets/fields/picker_field_control.dart
DA:11,1
DA:17,1
DA:18,1
DA:24,1
DA:26,1
DA:29,1
DA:31,2
DA:32,1
DA:35,1
DA:37,1
DA:38,4
DA:39,1
DA:41,3
DA:42,3
DA:46,1
DA:47,1
DA:49,2
DA:50,0
DA:51,0
DA:52,0
DA:53,0
DA:54,0
DA:57,0
DA:58,0
DA:59,0
DA:60,0
DA:66,0
DA:67,0
DA:68,0
DA:72,0
DA:74,0
DA:75,0
DA:76,0
DA:79,0
DA:80,0
DA:81,0
DA:83,0
DA:84,0
DA:85,0
DA:86,0
DA:87,0
DA:88,0
DA:90,0
DA:93,0
LF:44
LH:17
end_of_record
SF:lib/features/store_submission/widgets/fields/search_field_control.dart
DA:19,1
DA:22,1
DA:23,2
DA:26,1
DA:27,2
DA:33,1
DA:35,1
DA:37,1
DA:39,6
DA:40,3
DA:41,2
DA:42,5
DA:43,2
DA:46,1
DA:48,2
DA:49,1
DA:50,1
DA:51,1
DA:52,3
DA:54,1
DA:55,2
DA:56,1
DA:57,2
DA:58,2
DA:59,1
DA:60,3
DA:65,1
DA:69,1
DA:74,1
DA:75,1
DA:79,9
DA:80,1
DA:81,0
DA:86,2
DA:88,1
DA:89,3
DA:91,4
DA:92,3
DA:93,1
DA:94,1
DA:95,1
DA:97,2
DA:98,3
DA:99,2
DA:100,1
DA:101,3
DA:102,1
DA:103,1
DA:105,3
DA:106,3
DA:108,3
DA:110,0
DA:112,0
DA:114,0
DA:119,0
DA:126,0
DA:129,0
DA:130,0
DA:131,0
DA:134,0
DA:138,0
DA:145,0
DA:146,0
DA:147,0
DA:148,0
DA:150,0
DA:151,0
DA:157,1
DA:159,2
DA:160,5
DA:161,2
DA:168,1
DA:175,1
DA:177,2
DA:178,2
DA:179,2
DA:180,1
DA:181,1
DA:185,8
DA:187,0
LF:80
LH:62
end_of_record
SF:lib/features/store_submission/widgets/fields/text_field_control.dart
DA:11,1
DA:17,1
DA:19,1
DA:20,3
DA:21,1
DA:22,1
DA:23,1
DA:24,2
DA:25,1
DA:27,2
DA:28,2
DA:32,3
DA:35,3
DA:36,2
DA:37,1
DA:38,1
DA:39,1
DA:40,3
DA:41,4
LF:19
LH:19
end_of_record
SF:lib/models/store_submission.dart
DA:9,4
DA:13,4
DA:14,4
DA:17,4
DA:19,4
DA:20,4
DA:21,4
DA:22,12
DA:23,4
DA:24,4
DA:25,4
DA:26,4
DA:27,4
DA:28,4
DA:29,4
DA:30,4
DA:31,4
DA:32,4
DA:33,4
DA:34,12
DA:35,4
DA:36,4
DA:37,4
DA:38,4
DA:39,4
DA:40,4
DA:41,4
DA:42,4
DA:43,4
DA:44,8
DA:45,4
DA:47,4
DA:53,0
DA:54,0
DA:55,0
DA:56,0
DA:57,0
DA:58,0
DA:59,0
DA:60,0
DA:61,0
DA:66,1
DA:67,1
DA:68,1
DA:69,1
DA:70,2
DA:71,1
DA:72,1
DA:73,2
DA:74,1
DA:75,3
DA:76,1
DA:77,1
DA:78,1
DA:79,2
DA:80,1
DA:81,3
DA:82,1
DA:83,1
DA:84,3
DA:85,3
DA:86,1
DA:87,1
DA:88,1
DA:89,1
DA:90,1
DA:91,1
DA:92,0
DA:93,0
DA:94,0
DA:95,0
DA:96,0
DA:97,0
DA:101,1
DA:102,1
DA:104,1
DA:108,1
DA:109,1
DA:110,3
DA:111,6
DA:112,1
DA:115,0
DA:116,0
DA:117,0
DA:118,0
DA:119,0
DA:120,0
DA:121,0
DA:122,0
DA:123,0
DA:124,0
DA:125,0
DA:126,0
DA:129,0
DA:130,0
DA:131,0
DA:132,0
DA:133,0
DA:134,0
DA:135,0
DA:136,0
DA:137,0
DA:140,1
DA:141,1
DA:142,3
DA:143,4
DA:144,1
DA:145,1
DA:146,1
DA:149,0
DA:150,0
DA:151,0
DA:152,0
DA:154,0
DA:155,0
DA:156,0
DA:157,0
DA:162,4
DA:197,10
DA:199,4
DA:203,4
DA:204,4
DA:205,4
DA:206,4
DA:207,4
DA:208,4
DA:209,5
DA:210,5
DA:211,4
DA:212,20
DA:213,4
DA:214,4
DA:215,1
DA:216,2
DA:220,1
DA:221,1
DA:222,1
DA:223,1
DA:224,1
DA:225,1
DA:226,1
DA:227,1
DA:228,1
DA:229,1
DA:230,1
DA:235,4
DA:271,1
DA:272,9
DA:274,1
DA:275,2
DA:276,4
DA:278,1
DA:279,6
DA:281,4
DA:282,4
DA:283,4
DA:284,4
DA:285,4
DA:286,4
DA:287,4
DA:288,4
DA:289,4
DA:290,4
DA:291,4
DA:292,4
DA:293,4
DA:294,4
DA:295,20
DA:298,1
DA:299,1
DA:300,1
DA:301,1
DA:302,1
DA:303,1
DA:304,1
DA:305,1
DA:306,1
DA:307,1
DA:308,1
DA:313,4
DA:338,1
DA:339,3
DA:340,1
DA:341,1
DA:342,0
DA:343,1
DA:344,1
DA:345,1
DA:346,1
DA:347,1
DA:348,1
DA:349,3
DA:350,1
DA:351,2
DA:352,1
DA:353,1
DA:354,0
DA:355,1
DA:356,1
DA:357,3
DA:362,1
DA:365,4
DA:366,4
DA:367,4
DA:368,4
DA:369,4
DA:370,4
DA:371,4
DA:372,4
DA:373,4
DA:374,4
DA:375,4
DA:376,20
DA:379,1
DA:380,1
DA:381,1
DA:382,1
DA:383,1
DA:384,1
DA:385,1
DA:386,1
DA:387,1
DA:388,1
DA:393,4
DA:410,2
DA:411,2
DA:412,2
DA:413,2
DA:414,2
DA:415,2
DA:416,4
DA:418,4
DA:419,4
DA:420,4
DA:421,4
DA:422,4
DA:423,4
DA:424,4
DA:425,5
DA:429,1
DA:430,1
DA:431,1
DA:432,1
DA:433,1
DA:434,1
DA:435,1
DA:436,1
DA:441,1
DA:451,1
DA:452,2
DA:453,0
DA:454,0
DA:456,1
DA:457,1
DA:458,1
DA:459,1
DA:460,1
DA:464,1
DA:465,1
DA:466,1
DA:467,1
DA:468,1
LF:262
LH:214
end_of_record
SF:lib/features/stores/bloc/store_state.dart
DA:6,34
DA:21,3
DA:28,3
DA:29,2
DA:30,3
DA:31,3
DA:32,3
DA:34,3
DA:38,0
DA:40,0
DA:43,3
DA:45,15
LF:12
LH:10
end_of_record
SF:lib/features/stores/bloc/store_event.dart
DA:4,63
DA:6,0
DA:7,0
DA:11,61
DA:15,31
DA:19,1
DA:27,2
LF:7
LH:5
end_of_record
SF:lib/features/stores/bloc/store_bloc.dart
DA:15,3
DA:22,3
DA:23,6
DA:24,6
DA:25,6
DA:26,6
DA:33,3
DA:37,15
DA:42,9
DA:44,9
DA:45,3
DA:46,3
DA:47,2
DA:49,10
DA:51,2
DA:52,4
DA:54,10
DA:56,2
DA:60,10
DA:61,4
DA:63,6
DA:64,9
DA:68,1
DA:72,3
DA:76,3
DA:79,1
DA:80,1
DA:81,2
DA:83,1
DA:84,2
DA:86,5
DA:88,1
DA:92,5
DA:93,2
DA:95,2
DA:96,3
DA:100,1
DA:104,2
DA:107,3
DA:109,4
DA:111,2
DA:112,5
DA:113,1
DA:114,3
DA:115,3
DA:116,4
DA:117,3
DA:118,4
DA:123,3
DA:125,0
DA:129,2
DA:133,4
DA:137,6
DA:139,6
DA:141,4
DA:143,2
DA:145,6
DA:146,4
DA:147,2
DA:149,6
DA:150,4
DA:152,6
DA:155,16
DA:156,2
DA:157,6
DA:158,4
DA:159,4
DA:163,2
DA:164,4
DA:166,4
DA:170,4
LF:71
LH:70
end_of_record
SF:lib/features/stores/widgets/store_list.dart
DA:13,4
DA:15,2
DA:16,2
DA:22,2
DA:24,2
DA:25,6
DA:26,4
DA:29,2
DA:31,2
DA:32,4
DA:33,2
DA:34,4
DA:35,2
DA:38,0
DA:40,0
DA:41,0
DA:42,0
DA:43,0
DA:44,0
DA:45,0
DA:46,0
DA:47,0
DA:52,2
DA:54,2
DA:55,4
DA:56,0
DA:57,0
DA:58,0
DA:60,2
DA:61,6
DA:62,2
DA:63,4
DA:67,6
DA:68,2
DA:71,1
DA:77,1
DA:78,1
DA:79,1
DA:80,1
DA:82,1
DA:83,1
DA:84,2
DA:86,2
DA:89,1
DA:90,2
DA:92,1
DA:96,3
DA:97,1
DA:98,1
DA:103,2
DA:107,2
DA:110,6
DA:111,1
DA:116,2
DA:117,4
DA:118,2
DA:119,2
DA:121,2
DA:122,2
DA:123,2
DA:125,2
DA:126,8
DA:131,0
DA:132,0
DA:135,0
DA:136,0
DA:137,0
DA:138,0
DA:139,0
LF:69
LH:50
end_of_record
SF:lib/features/stores/widgets/store_list_item.dart
DA:11,1
DA:15,1
DA:17,1
DA:18,2
DA:20,1
DA:21,0
DA:22,0
DA:24,0
DA:25,0
DA:26,0
DA:28,1
DA:31,1
DA:33,1
DA:34,3
DA:35,3
DA:37,1
DA:38,1
DA:39,3
DA:40,0
DA:42,3
DA:44,3
DA:45,1
DA:47,1
DA:51,1
DA:54,1
DA:55,3
DA:56,0
DA:57,3
DA:66,1
DA:67,1
DA:70,1
LF:31
LH:24
end_of_record
SF:lib/models/store.dart
DA:6,11
DA:31,12
DA:33,2
DA:34,4
DA:38,4
DA:39,0
DA:41,4
DA:42,0
DA:43,6
DA:47,2
DA:52,2
DA:53,2
DA:54,2
DA:55,2
DA:56,2
DA:57,2
DA:58,2
DA:59,2
DA:61,2
DA:62,0
DA:63,0
DA:67,2
DA:68,2
DA:69,2
DA:70,2
DA:71,2
DA:72,2
DA:73,2
DA:74,2
DA:75,2
DA:76,2
DA:77,2
LF:32
LH:28
end_of_record
SF:lib/features/styles/pondrop_styles.dart
DA:8,6
LF:1
LH:1
end_of_record
SF:lib/features/styles/route_transitions.dart
DA:4,2
DA:7,2
DA:9,4
DA:13,3
DA:18,3
DA:19,2
DA:21,1
DA:24,1
DA:25,1
DA:26,1
LF:10
LH:10
end_of_record
SF:lib/features/task_templates/bloc/task_templates_state.dart
DA:6,35
DA:14,2
DA:18,2
DA:19,0
DA:20,1
DA:24,1
DA:26,4
DA:29,2
DA:30,6
LF:9
LH:8
end_of_record
SF:lib/features/task_templates/bloc/task_templates_event.dart
DA:4,0
DA:5,0
DA:7,61
DA:11,31
DA:15,31
LF:5
LH:3
end_of_record
SF:lib/features/task_templates/bloc/task_templates_bloc.dart
DA:10,2
DA:12,2
DA:13,4
DA:14,4
DA:19,2
DA:23,6
DA:24,2
DA:28,1
DA:32,3
DA:33,3
DA:34,3
DA:35,1
DA:39,2
DA:41,4
DA:42,6
DA:43,2
DA:44,6
DA:46,1
DA:47,3
LF:19
LH:19
end_of_record
SF:lib/features/task_templates/screens/task_templates_page.dart
DA:13,1
DA:14,1
DA:16,1
DA:17,1
DA:18,0
DA:27,1
DA:29,1
DA:31,1
DA:32,2
DA:34,1
DA:35,1
DA:36,1
DA:37,1
DA:39,1
DA:40,2
DA:44,1
DA:49,0
DA:50,0
DA:52,2
DA:53,1
DA:54,1
DA:55,1
LF:22
LH:19
end_of_record
SF:lib/features/task_templates/widgets/task_templates.dart
DA:13,2
DA:14,2
DA:19,2
DA:21,2
DA:22,4
DA:23,0
DA:24,0
DA:25,0
DA:26,0
DA:27,0
DA:29,2
DA:30,2
DA:31,4
DA:32,2
DA:33,4
DA:37,2
DA:38,2
DA:39,1
DA:42,1
DA:43,1
DA:44,2
DA:45,1
DA:47,0
DA:48,0
DA:50,0
DA:52,0
DA:53,0
DA:54,0
DA:55,0
DA:61,2
DA:68,1
DA:69,2
DA:70,1
DA:71,1
DA:73,1
DA:74,1
DA:75,1
DA:78,5
LF:38
LH:26
end_of_record
SF:lib/models/category.dart
DA:4,2
DA:7,2
LF:2
LH:2
end_of_record
SF:lib/models/focus_item.dart
DA:4,4
DA:11,0
DA:12,0
DA:13,0
DA:14,0
LF:5
LH:1
end_of_record
SF:lib/models/product.dart
DA:4,4
DA:8,4
DA:12,0
DA:13,0
DA:14,0
DA:15,0
DA:16,0
LF:7
LH:2
end_of_record
SF:lib/models/user.dart
DA:10,37
DA:20,0
DA:21,0
DA:23,0
DA:24,0
DA:27,2
DA:28,6
DA:30,2
DA:31,2
LF:9
LH:5
end_of_record
SF:lib/models/user.g.dart
DA:9,2
DA:10,1
DA:11,1
DA:14,2
DA:15,1
DA:16,1
LF:6
LH:6
end_of_record
SF:lib/models/task_identifier.dart
DA:5,1
DA:12,0
DA:20,2
DA:21,2
DA:22,2
DA:23,2
DA:24,2
DA:25,2
DA:34,0
DA:36,1
DA:38,6
LF:11
LH:9
end_of_record
SF:lib/repositories/authentication_repository.dart
DA:10,1
DA:14,0
DA:20,1
DA:21,2
DA:22,3
DA:25,2
DA:28,1
DA:32,2
DA:34,1
DA:35,3
DA:36,2
DA:42,1
DA:43,2
DA:44,2
DA:45,2
DA:48,0
LF:16
LH:14
end_of_record
SF:lib/repositories/camera_repository.dart
DA:7,31
DA:9,0
DA:10,0
DA:13,0
DA:14,0
DA:15,0
DA:17,0
DA:20,0
DA:21,0
DA:22,0
LF:10
LH:1
end_of_record
SF:lib/repositories/product_repository.dart
DA:7,1
DA:10,0
DA:15,1
DA:17,2
DA:19,3
DA:20,3
DA:23,1
DA:24,3
DA:25,1
DA:26,1
DA:27,1
DA:29,1
DA:31,3
DA:37,1
DA:38,2
DA:40,4
DA:42,3
DA:44,1
DA:45,1
DA:46,3
DA:47,1
DA:48,1
DA:49,1
DA:59,1
DA:61,2
DA:63,3
DA:64,3
DA:67,1
DA:68,3
DA:69,1
DA:70,1
DA:72,1
DA:74,3
DA:80,1
DA:81,2
DA:83,4
DA:85,3
DA:87,1
DA:88,1
DA:89,5
LF:40
LH:39
end_of_record
SF:lib/repositories/submission_repository.dart
DA:14,2
DA:17,1
DA:23,1
DA:24,2
DA:27,1
DA:28,2
DA:30,3
DA:33,3
DA:36,2
DA:43,1
DA:45,2
DA:47,3
DA:49,2
DA:50,1
DA:53,2
DA:60,1
DA:62,2
DA:64,3
DA:66,2
DA:67,1
DA:70,2
DA:77,1
DA:79,2
DA:81,3
DA:83,2
DA:84,1
DA:87,2
DA:94,1
DA:95,2
DA:97,3
DA:99,2
DA:100,1
DA:103,2
DA:110,1
DA:111,1
DA:113,2
DA:115,3
DA:116,1
DA:119,1
DA:120,5
DA:121,4
DA:122,2
DA:123,1
DA:124,1
DA:125,0
DA:126,0
DA:127,0
DA:128,0
DA:129,0
DA:137,3
DA:138,2
DA:139,2
DA:142,2
DA:144,3
DA:152,0
DA:154,0
DA:155,0
DA:159,0
DA:160,0
LF:59
LH:49
end_of_record
SF:lib/repositories/user_repository.dart
DA:8,1
DA:16,1
DA:17,2
DA:19,2
DA:20,2
DA:26,1
DA:27,2
DA:28,2
DA:31,1
DA:32,2
LF:10
LH:10
end_of_record
SF:lib/features/counter/cubit/counter_cubit.dart
DA:4,4
DA:6,4
DA:7,4
LF:3
LH:3
end_of_record
SF:lib/features/counter/screens/counter_page.dart
DA:7,3
DA:9,0
DA:10,0
DA:13,1
DA:15,1
DA:16,2
DA:23,3
DA:25,1
DA:27,1
DA:28,1
DA:29,3
DA:31,1
DA:34,1
DA:35,1
DA:36,3
DA:41,1
DA:42,3
DA:53,2
DA:55,1
DA:57,1
DA:58,3
DA:59,4
LF:22
LH:20
end_of_record
